0:100  0:100  MemLog inited, TSC freq: 2394450615
0:100  0:000  CPU was calibrated with ACPI PM Timer
0:100  0:000  
0:100  0:000  Now is 30.08.2020,  20:53:03 (GMT)
0:100  0:000  Starting Clover revision: 5119 (master, commit 0f5da727e) on INSYDE Corp. EFI
0:100  0:000  Build with: [Args: -D NO_GRUB_DRIVERS_EMBEDDED -t GCC53 | -D NO_GRUB_DRIVERS_EMBEDDED --conf=/Users/sergey/src/Clover/Conf -D USE_LOW_EBDA -a X64 -b RELEASE -t GCC53 -n 5 | OS: 10.14.6]
0:100  0:000  SelfDevicePath=PciRoot(0x0)\Pci(0x1F,0x2)\Sata(0x0,0x0,0x0)\HD(1,GPT,7038B819-66F1-42E0-8DBB-D8F47710EEFC,0x800,0x100000) @8AB8DE18
0:100  0:000  SelfDirPath = \EFI\BOOT
0:100  0:000  Clover : Image base = 0x85EDD000
0:100  0:000  SimpleTextEx Status=Success
0:100  0:000  === [ Get Smbios ] ==============================
0:103  0:003  Type 16 Index = 0
0:103  0:000  Total Memory Slots Count = 2
0:103  0:000  Type 17 Index = 0
0:103  0:000  SmbiosTable.Type17->Speed = 1600MHz
0:103  0:000  SmbiosTable.Type17->Size = 8192MB
0:103  0:000  SmbiosTable.Type17->Bank/Device = BANK 0 ChannelA-DIMM0
0:103  0:000  SmbiosTable.Type17->Vendor = Hynix/Hyundai
0:103  0:000  SmbiosTable.Type17->SerialNumber = 12402504
0:103  0:000  SmbiosTable.Type17->PartNumber = HMT41GS6BFR8A-PB  
0:103  0:000  Type 17 Index = 1
0:103  0:000  SmbiosTable.Type17->Speed = 1600MHz
0:103  0:000  SmbiosTable.Type17->Size = 4096MB
0:103  0:000  SmbiosTable.Type17->Bank/Device = BANK 2 ChannelB-DIMM0
0:103  0:000  SmbiosTable.Type17->Vendor = Hynix/Hyundai
0:103  0:000  SmbiosTable.Type17->SerialNumber = 13319417
0:103  0:000  SmbiosTable.Type17->PartNumber = HMT451S6BFR8A-PB  
0:103  0:000  Boot status=0
0:103  0:000  Running on: 'Satellite L55W-C' with board '0692'
0:103  0:000  === [ GetCPUProperties ] ========================
0:103  0:000  CPU Vendor = 756E6547 Model=306D4
0:103  0:000   The CPU supported SSE4.1
0:103  0:000  BrandString = Intel(R) Core(TM) i7-5500U CPU @ 2.40GHz
0:103  0:000   The CPU supported turbo
0:103  0:000  MSR 0x35               20004
0:103  0:000  MSR 0xE2 before patch 1E008406
0:103  0:000  MSR 0xE2 is locked, PM patches will be turned on
0:103  0:000  MSR 0xCE              0005053B_F3011800
0:103  0:000  corrected FLEX_RATIO = 0
0:103  0:000  MSR 0x1B0             00000000
0:103  0:000  FSBFrequency = 121 MHz, DMI FSBFrequency = 100 MHz, Corrected FSBFrequency = 100 MHz
0:103  0:000  MaxDiv/MinDiv: 24.0/5
0:103  0:000  Turbo: 29/29/29/30
0:103  0:000  Features: 0x77FAFBBFBFEBFBFF
0:103  0:000  Threads: 4
0:103  0:000  Cores: 2
0:103  0:000  FSB: 100 MHz
0:103  0:000  CPU: 2900 MHz
0:103  0:000  TSC: 2900 MHz
0:103  0:000  PIS: 100 MHz
0:103  0:000  ExternalClock: 25 MHz
0:103  0:000  === [ GetDevices ] ==============================
0:103  0:000  GOP found at: 
0:103  0:000  PCI (00|00:00.00) : 8086 1604 class=060000
0:103  0:000  PCI (00|00:02.00) : 8086 1616 class=030000
0:103  0:000   - GFX: Model=Intel HD Graphics 5500 (Intel)
0:103  0:000  PCI (00|00:03.00) : 8086 160C class=040300
0:103  0:000  PCI (00|00:04.00) : 8086 1603 class=118000
0:104  0:000  PCI (00|00:14.00) : 8086 9CB1 class=0C0330
0:104  0:000  PCI (00|00:16.00) : 8086 9CBA class=078000
0:104  0:000  PCI (00|00:16.01) : FFFF FFFF class=FFFFFF
0:104  0:000  PCI (00|00:1B.00) : 8086 9CA0 class=040300
0:104  0:000  PCI (00|00:1C.00) : 8086 9C90 class=060400
0:104  0:000  PCI (00|00:1C.02) : 8086 9C94 class=060400
0:104  0:000  PCI (00|02:00.00) : 14E4 43A0 class=028000
0:104  0:000   - WIFI: Vendor=5348 = Broadcom
0:104  0:000  PCI (00|00:1C.05) : 8086 9C9A class=060400
0:104  0:000  PCI (00|03:00.00) : 10EC 5229 class=FF0000
0:104  0:000  PCI (00|00:1D.00) : 8086 9CA6 class=0C0320
0:104  0:000  PCI (00|00:1F.00) : 8086 9CC3 class=060100
0:104  0:000  PCI (00|00:1F.02) : 8086 9C83 class=010601
0:104  0:000  PCI (00|00:1F.03) : 8086 9CA2 class=0C0500
0:104  0:000  === [ GetDefaultSettings ] ======================
0:104  0:000  Clover load options size = 0 bytes
0:104  0:000  CheckOEMPathExists tried EFI\CLOVER\OEM\0692\UEFI. Dir not exists
0:104  0:000  CheckOEMPathExists tried EFI\CLOVER\OEM\Satellite L55W-C. Dir not exists
0:104  0:000  CheckOEMPathExists tried EFI\CLOVER\OEM\Satellite L55W-C-2900. Dir not exists
0:104  0:000  CheckOEMPathExists tried EFI\CLOVER\OEM\0692. Dir not exists
0:104  0:000  CheckOEMPathExists tried EFI\CLOVER\OEM\0692-2900. Dir not exists
0:104  0:000  set OEMPath by default: EFI\CLOVER
0:107  0:002  EFI\CLOVER\config.plist loaded: Success
0:112  0:004  === [ GetListOfThemes ] =========================
0:112  0:000  - [00]: random
0:113  0:000  - [00]: embedded
0:113  0:000  - [00]: clover-minimal-inverted
0:114  0:000  === [ Found config plists ] =====================
0:114  0:000  - config.plist
0:114  0:000  === [ GetEarlyUserSettings ] ====================
0:114  0:000  timeout set to 5
0:114  0:000  Custom boot CUSTOM_BOOT_DISABLED (0x0)
0:114  0:000   get BlueValue=1.200000
0:114  0:000  ForceKextsToLoad: 1 requested
0:114  0:000   - [0]: System\Library\Extensions\IONetworkingFamily.kext
0:114  0:000  KernelToPatch: 3 requested
0:114  0:000   - [00]: MSR 0xE2 _xcpm_idle instant reboot(c) Pike R. Alpha :: data len: 8
0:114  0:000   - [01]: Disable panic kext logging on 10.13 release kernel (credit vit9696) :: MatchOS: 10.13.x :: data len: 6
0:114  0:000   - [02]: Disable panic kext logging on 10.14 release kernel (credit vit9696) :: MatchOS: 10.14.x :: data len: 6
0:114  0:000  Default theme: random
0:114  0:000  Hiding entries with string Preboot
0:114  0:000  Hiding entries with string Recovery
0:114  0:000  === [ LoadDrivers ] =============================
0:115  0:000  Loading ApfsDriverLoader.efi  status=Success
0:115  0:000   - driver needs connecting
0:115  0:000  Loading AudioDxe.efi  status=Success
0:116  0:000   - driver needs connecting
0:116  0:000  Loading DataHubDxe.efi  status=Success
0:116  0:000  Loading FSInject.efi  status=Success
0:116  0:000  Loading SMCHelper.efi  status=Success
0:116  0:000  2 drivers needs connecting ...
0:116  0:000  PlatformDriverOverrideProtocol->GetDriver overriden
0:116  0:000  APFS driver loaded
0:116  0:000  Searching for invalid DiskIo BY_DRIVER connects: not found, all ok
4:108  3:991  === [ InitScreen ] ==============================
4:108  0:000  Console modes reported: 6, available modes:
4:108  0:000   - [01]: 80x25
4:108  0:000   - [03]: 240x56 (current mode)
4:108  0:000   - [04]: 100x31
4:108  0:000   - [05]: 128x40
4:108  0:000   - [06]: 160x53
4:108  0:000  SetScreenResolution: 1920x1080 - already set
4:108  0:000  SetScreenResolution: 1920x1080 - already set
4:108  0:000  reinit: self device path=PciRoot(0x0)\Pci(0x1F,0x2)\Sata(0x0,0x0,0x0)\HD(1,GPT,7038B819-66F1-42E0-8DBB-D8F47710EEFC,0x800,0x100000)
4:108  0:000  new SelfHandle=8AB8DE18
4:108  0:000  === [ GetMacAddress ] ===========================
4:108  0:000   get legacy LAN MAC, 0 card found
4:108  0:000  === [ ScanSPD ] =================================
4:108  0:000  Scanning SMBus [8086:9CA2], mmio: 0xB1422004, ioport: 0x3040, hostc: 0x11
4:127  0:019  Slot: 0 Type 24 8192MB 1600MHz Vendor=SK Hynix PartNo=HMT41GS6BFR8A-PBN0 SerialNo=0C28FF04
4:146  0:019  Slot: 2 Type 24 4096MB 1600MHz Vendor=SK Hynix PartNo=HMT451S6BFR8A-PBN0 SerialNo=0D1F5EB1
4:147  0:000  === [ GetAcpiTablesList ] =======================
4:155  0:008  Get Acpi Tables List from RSDT:
4:155  0:000   - [00]: FACP  TOSASU00 len=268
4:155  0:000   - [01]: UEFI  TOSASU00 len=566
4:155  0:000   - [02]: UEFI  TOSASU00 len=66
4:155  0:000   - [03]: MSDM  TOSASU00 len=85
4:155  0:000   - [04]: SSDT  HSW-LPT len=9515
4:155  0:000   - [05]: ASF!  TOSASU00 len=165
4:155  0:000   - [06]: ASPT  TOSASU00 len=52
4:155  0:000   - [07]: BOOT  TOSASU00 len=40
4:155  0:000   - [08]: DBGP  TOSASU00 len=52
4:155  0:000   - [09]: HPET  TOSASU00 len=56
4:155  0:000   - [10]: LPIT  TOSASU00 len=148
4:155  0:000   - [11]: APIC  TOSASU00 len=140
4:155  0:000   - [12]: MCFG  TOSASU00 len=60
4:155  0:000   - [13]: SLIC  TOSASU00 len=374
4:155  0:000   - [14]: SSDT  HSW-LPT len=5329
4:155  0:000   - [15]: SSDT  HSW-LPT len=1662
4:155  0:000   - [16]: SSDT  HSW-LPT len=1367
4:155  0:000   - [17]: SSDT  HSW-LPT len=2932
4:155  0:000   - [18]: SSDT  HSW-LPT len=24873
4:155  0:000   - [19]: DMAR  TOSASU00 len=176
4:155  0:000   - [20]: FPDT  TOSASU00 len=68
4:155  0:000   - [21]: BGRT  TOSASU00 len=56
4:155  0:000  Calibrated TSC Frequency = 2394450615 = 2394MHz
4:155  0:000  === [ GetUserSettings ] =========================
4:155  0:000  Add 3 devices (kTagTypeDict):
4:155  0:000  USB FixOwnership: yes
4:155  0:000  Dropping 2 tables:
4:155  0:000   - [00]: Drop table  signature="#MCF" (46434D23)
4:155  0:000  ----
4:155  0:000           - set table: 46434D23,                0 to drop: no
4:155  0:000   - [01]: Drop table  signature="DMAR" (52414D44)
4:155  0:000  ----
4:155  0:000           - set table: 52414D44,                0 to drop: yes
4:156  0:000   - final DSDT Fix mask=03000000
4:156  0:000  PatchesDSDT: 11 requested
4:156  0:000   - [00]: (change OSID to XSID (to avoid match against _OSI XOSI patch)) lenToFind: 4, lenToReplace: 4, Target Bridge: 
4:156  0:000    patch disabled at config
4:156  0:000   - [01]: (change _OSI to XOSI) lenToFind: 4, lenToReplace: 4, Target Bridge: 
4:156  0:000    patch disabled at config
4:156  0:000   - [02]: (change _DSM to XDSM) lenToFind: 4, lenToReplace: 4, Target Bridge: 
4:156  0:000    patch disabled at config
4:156  0:000   - [03]: (change EC0 to EC) lenToFind: 4, lenToReplace: 4, Target Bridge: 
4:156  0:000    patch disabled at config
4:156  0:000   - [04]: (change H_EC to EC) lenToFind: 4, lenToReplace: 4, Target Bridge: 
4:156  0:000    patch disabled at config
4:156  0:000   - [05]: (change EHC1 to EH01) lenToFind: 4, lenToReplace: 4, Target Bridge: 
4:156  0:000   - [06]: (change EHC2 to EH02) lenToFind: 4, lenToReplace: 4, Target Bridge: 
4:156  0:000   - [07]: (change GFX0 to IGPU) lenToFind: 4, lenToReplace: 4, Target Bridge: 
4:156  0:000   - [08]: (change PCI0.VID to IGPU #1 (Thinkpad)) lenToFind: 8, lenToReplace: 8, Target Bridge: 
4:156  0:000    patch disabled at config
4:156  0:000   - [09]: (change PCI0.VID to IGPU #2 (Thinkpad)) lenToFind: 14, lenToReplace: 14, Target Bridge: 
4:156  0:000    patch disabled at config
4:156  0:000   - [10]: (change B0D3 to HDAU) lenToFind: 4, lenToReplace: 4, Target Bridge: 
4:156  0:000  EnableC7: no
4:156  0:000  EnableC6: no
4:156  0:000  EnableC4: no
4:156  0:000  EnableC2: no
4:156  0:000  PluginType: 1
4:156  0:000  Using ProductName from config: MacBookPro12,1
4:156  0:000  Using latest BiosVersion from config
4:156  0:000  BiosVersion: MBP121.88Z.F000.B00.1906140921
4:156  0:000  BiosReleaseDate: 06/14/2019
4:156  0:000  Using latest EfiVersion from clover: 191.0.0.0.0
4:156  0:000  Using FirmwareFeatures from config: 0xFC0FE137
4:156  0:000  Using FirmwareFeaturesMask from config: 0xFF1FFF3F
4:156  0:000  Board-ID set from config as Mac-E43C1C25D4880AD6
4:156  0:000  BoardType: 0xA
4:156  0:000  ChassisType: 0x9
4:156  0:000  === [ Found DSDT tables ] =======================
4:156  0:000  - dsdt1_usb.aml
4:713  0:556  === [ ScanVolumes ] =============================
4:713  0:000  Found 9 volumes with blockIO
4:713  0:000  - [00]: Volume: PciRoot(0x0)\Pci(0x1F,0x2)\Sata(0x0,0x0,0x0)
4:713  0:000          Result of bootcode detection: bootable unknown (legacy)
4:713  0:000  - [01]: Volume: PciRoot(0x0)\Pci(0x1F,0x2)\Sata(0x0,0x0,0x0)\HD(1,GPT,7038B819-66F1-42E0-8DBB-D8F47710EEFC,0x800,0x100000)
4:713  0:000          Result of bootcode detection: bootable unknown (legacy)
4:713  0:000          This is SelfVolume !!
4:713  0:000  - [02]: Volume: PciRoot(0x0)\Pci(0x1F,0x2)\Sata(0x0,0x0,0x0)\HD(2,GPT,9860BA2F-CFC4-4297-8B87-3071CB1B1682,0x100800,0x1BC22800)
4:713  0:000          Result of bootcode detection: bootable unknown (legacy)
4:714  0:000  - [03]: Volume: PciRoot(0x0)\Pci(0x1F,0x2)\Sata(0x0,0x0,0x0)\HD(3,GPT,C42E524D-D718-4BE4-82B6-8DDB58D9E6D8,0x1BD23000,0x1C1000)
4:714  0:000  - [04]: Volume: PciRoot(0x0)\Pci(0x1F,0x2)\Sata(0x0,0x0,0x0)\HD(2,GPT,9860BA2F-CFC4-4297-8B87-3071CB1B1682,0x100800,0x1BC22800)\VenMedia(BE74FCF7-0B7C-49F3-9147-01F4042E6842,060F6441A792114AB51930F905196655)
4:714  0:000          hiding this volume
4:714  0:000  - [05]: Volume: PciRoot(0x0)\Pci(0x1F,0x2)\Sata(0x0,0x0,0x0)\HD(2,GPT,9860BA2F-CFC4-4297-8B87-3071CB1B1682,0x100800,0x1BC22800)\VenMedia(BE74FCF7-0B7C-49F3-9147-01F4042E6842,B08DE8B8D390C1438AB7EC608F4F59E2)
4:714  0:000  - [06]: Volume: PciRoot(0x0)\Pci(0x1F,0x2)\Sata(0x0,0x0,0x0)\HD(2,GPT,9860BA2F-CFC4-4297-8B87-3071CB1B1682,0x100800,0x1BC22800)\VenMedia(BE74FCF7-0B7C-49F3-9147-01F4042E6842,F5008178FF8CBC438216D24057323850)
4:714  0:000          hiding this volume
4:714  0:000  - [07]: Volume: PciRoot(0x0)\Pci(0x1F,0x2)\Sata(0x0,0x0,0x0)\HD(2,GPT,9860BA2F-CFC4-4297-8B87-3071CB1B1682,0x100800,0x1BC22800)\VenMedia(BE74FCF7-0B7C-49F3-9147-01F4042E6842,ACFA72D59DBAE149A7FE19D49D5CF998)
4:714  0:000  - [08]: Volume: PciRoot(0x0)\Pci(0x1F,0x2)\Sata(0x0,0x0,0x0)\HD(2,GPT,9860BA2F-CFC4-4297-8B87-3071CB1B1682,0x100800,0x1BC22800)\VenMedia(BE74FCF7-0B7C-49F3-9147-01F4042E6842,1B61275411C64742A7F9C779571AA5D4)
4:714  0:000  found 2 handles with audio
4:714  0:000  No AudioIoDevice stored
4:714  0:000  no stored audio parameters
4:714  0:000  Found Audio Device Intel Broadwell HDMI (HDMI) at index 0
4:714  0:000  Found Audio Device Realtek ALC235 (Speaker) at index 1
4:714  0:000  Found Audio Device Realtek ALC235 (Headphones) at index 2
4:714  0:000  === [ InitXTheme ] ==============================
4:714  0:000  use Daylight theme
4:720  0:005  Using theme 'clover-minimal-inverted' (EFI\CLOVER\themes\clover-minimal-inverted)
4:720  0:000  OS main and drive as badge
4:724  0:003  vol_internal not decoded
4:724  0:000  vol_external not decoded
4:724  0:000  vol_optical not decoded
4:724  0:000  vol_firewire not decoded
4:725  0:000  vol_clover not decoded
4:725  0:000  vol_internal_hfs not decoded
4:726  0:001  vol_internal_ntfs not decoded
4:727  0:000  vol_internal_ext3 not decoded
4:765  0:038  sound play end with status=Device Error
4:768  0:003  theme inited
4:768  0:000  Chosen theme random
4:768  0:000  found boot-args in NVRAM:-v keepsyms=1 debug=0x100, size=26
4:768  0:000  ...found arg:-v
4:768  0:000  ...adding arg:-v
4:768  0:000  ...found arg:keepsyms=1
4:768  0:000  ...adding arg:keepsyms=1
4:768  0:000  ...found arg:debug=0x100
4:768  0:000  after NVRAM boot-args=-no_compat_check darkwake=1 kext-dev-mode=1 debug=0x100 -nehalem_error_disable alcid=3 -v keepsyms=1 
4:768  0:000  === [ Dump SMC keys from NVRAM ] ================
4:768  0:000  found AppleSMC protocol
4:778  0:009  Registered 17 SMC keys
4:778  0:000  === [ AddCustomEntries ] ========================
4:778  0:000      Checking volume "EFI" (PciRoot(0x0)\Pci(0x1F,0x2)\Sata(0x0,0x0,0x0)\HD(1,GPT,7038B819-66F1-42E0-8DBB-D8F47710EEFC,0x800,0x100000)) ... skipped because path does not exist
4:778  0:000      Checking volume "Preboot" (PciRoot(0x0)\Pci(0x1F,0x2)\Sata(0x0,0x0,0x0)\HD(2,GPT,9860BA2F-CFC4-4297-8B87-3071CB1B1682,0x100800,0x1BC22800)\VenMedia(BE74FCF7-0B7C-49F3-9147-01F4042E6842,060F6441A792114AB51930F905196655)) ... skipped because volume is hidden
4:778  0:000      Checking volume "OSX - Data" (PciRoot(0x0)\Pci(0x1F,0x2)\Sata(0x0,0x0,0x0)\HD(2,GPT,9860BA2F-CFC4-4297-8B87-3071CB1B1682,0x100800,0x1BC22800)\VenMedia(BE74FCF7-0B7C-49F3-9147-01F4042E6842,B08DE8B8D390C1438AB7EC608F4F59E2)) ... skipped because path does not exist
4:778  0:000      Checking volume "Recovery" (PciRoot(0x0)\Pci(0x1F,0x2)\Sata(0x0,0x0,0x0)\HD(2,GPT,9860BA2F-CFC4-4297-8B87-3071CB1B1682,0x100800,0x1BC22800)\VenMedia(BE74FCF7-0B7C-49F3-9147-01F4042E6842,F5008178FF8CBC438216D24057323850)) ... skipped because volume is hidden
4:778  0:000      Checking volume "VM" (PciRoot(0x0)\Pci(0x1F,0x2)\Sata(0x0,0x0,0x0)\HD(2,GPT,9860BA2F-CFC4-4297-8B87-3071CB1B1682,0x100800,0x1BC22800)\VenMedia(BE74FCF7-0B7C-49F3-9147-01F4042E6842,ACFA72D59DBAE149A7FE19D49D5CF998)) ... skipped because path does not exist
4:778  0:000      Checking volume "OSX" (PciRoot(0x0)\Pci(0x1F,0x2)\Sata(0x0,0x0,0x0)\HD(2,GPT,9860BA2F-CFC4-4297-8B87-3071CB1B1682,0x100800,0x1BC22800)\VenMedia(BE74FCF7-0B7C-49F3-9147-01F4042E6842,1B61275411C64742A7F9C779571AA5D4)) ... skipped because path does not exist
4:778  0:000  === [ ScanLoader ] ==============================
4:778  0:000  - [01]: 'EFI'
4:780  0:002          AddLoaderEntry for Volume Name=EFI
4:780  0:000          skipped because entry is hidden
4:780  0:000  - [04]: 'Preboot', hidden
4:780  0:000  - [05]: 'OSX - Data'
4:782  0:001  - [06]: 'Recovery', hidden
4:782  0:000  - [07]: 'VM'
4:782  0:000  - [08]: 'OSX'
4:788  0:005          AddLoaderEntry for Volume Name=OSX
4:791  0:003      hibernated: set as never
4:791  0:000  IconName=cata,mac comma=4 size=8
4:791  0:000    first=os_cata
4:791  0:000   Show badge as Drive.    Loader entry created for 'PciRoot(0x0)\Pci(0x1F,0x2)\Sata(0x0,0x0,0x0)\HD(2,GPT,9860BA2F-CFC4-4297-8B87-3071CB1B1682,0x100800,0x1BC22800)\VenMedia(BE74FCF7-0B7C-49F3-9147-01F4042E6842,1B61275411C64742A7F9C779571AA5D4)\System\Library\CoreServices\boot.efi'
4:792  0:000  === [ AddCustomTool ] ===========================
4:792  0:000  === [ GetEfiBootDeviceFromNvram ] ===============
4:792  0:000   - efi-boot-device-data: PciRoot(0x0)\Pci(0x1F,0x2)\Sata(0x0,0x0,0x0)\HD(2,GPT,9860BA2F-CFC4-4297-8B87-3071CB1B1682,0x100800,0x1BC22800)\VenMedia(BE74FCF7-0B7C-49F3-9147-01F4042E6842,B08DE8B8D390C1438AB7EC608F4F59E2)
4:792  0:000    - Volume: 'PciRoot(0x0)\Pci(0x1F,0x2)\Sata(0x0,0x0,0x0)\HD(2,GPT,9860BA2F-CFC4-4297-8B87-3071CB1B1682,0x100800,0x1BC22800)\VenMedia(BE74FCF7-0B7C-49F3-9147-01F4042E6842,B08DE8B8D390C1438AB7EC608F4F59E2)'
4:792  0:000    - LoaderPath: ''
4:792  0:000    - Guid = 9860BA2F-CFC4-4297-8B87-3071CB1B1682
4:792  0:000  === [ FindStartupDiskVolume ] ===================
4:792  0:000    - Volume: partition = PciRoot(0x0)\Pci(0x1F,0x2)\Sata(0x0,0x0,0x0)\HD(2,GPT,9860BA2F-CFC4-4297-8B87-3071CB1B1682,0x100800,0x1BC22800)\VenMedia(BE74FCF7-0B7C-49F3-9147-01F4042E6842,B08DE8B8D390C1438AB7EC608F4F59E2)
4:792  0:000     - searching for that partition
4:792  0:000      - [!] not found
4:792  0:000     - searching again, but comparing Media dev path nodes
4:792  0:000      - found entry 0. 'Boot macOS from OSX', Volume 'OSX'
4:792  0:000  Boot redirected to Entry 0. 'Boot macOS from OSX'
4:792  0:000  BannerPlace at Clear Screen [0,0]
4:933  0:140  AnimeRun=0
15:488  10:555  GUI ready
